2022-05-25 13:37:18,844 DEBUG decos.py Была вызвана функция main c параметрами () , {}. Вызов из модуля __main__
2022-05-25 13:37:18,845 DEBUG decos.py Была вызвана функция config_load c параметрами () , {}. Вызов из модуля __main__
2022-05-25 13:37:18,845 DEBUG decos.py Была вызвана функция arg_parser c параметрами ('7777', '') , {}. Вызов из модуля __main__
2022-05-25 13:37:18,845 DEBUG server.py Инициализация парсера аргументов коммандной строки: ['/home/mikhail/geekbrans/PyQT-sql/lesson_7/practice/server.py']
2022-05-25 13:37:18,850 DEBUG server.py Аргументы успешно загружены.
2022-05-25 13:37:18,939 INFO core.py Запущен сервер, порт для подключений: 7777 , адрес с которого принимаются подключения: . Если адрес не указан, принимаются соединения с любых адресов.
2022-05-25 13:44:11,016 DEBUG decos.py Была вызвана функция arg_parser c параметрами () , {}. Вызов из модуля __main__
2022-05-25 13:44:20,313 DEBUG decos.py Была вызвана функция main c параметрами () , {}. Вызов из модуля __main__
2022-05-25 13:44:20,313 DEBUG decos.py Была вызвана функция main c параметрами () , {}. Вызов из модуля __main__
2022-05-25 13:44:20,314 DEBUG decos.py Была вызвана функция config_load c параметрами () , {}. Вызов из модуля __main__
2022-05-25 13:44:20,314 DEBUG decos.py Была вызвана функция config_load c параметрами () , {}. Вызов из модуля __main__
2022-05-25 13:44:20,314 DEBUG decos.py Была вызвана функция arg_parser c параметрами ('7777', '') , {}. Вызов из модуля __main__
2022-05-25 13:44:20,314 DEBUG decos.py Была вызвана функция arg_parser c параметрами ('7777', '') , {}. Вызов из модуля __main__
2022-05-25 13:44:20,314 DEBUG server.py Инициализация парсера аргументов коммандной строки: ['/home/mikhail/geekbrans/PyQT-sql/lesson_7/practice/server.py']
2022-05-25 13:44:20,314 DEBUG server.py Инициализация парсера аргументов коммандной строки: ['/home/mikhail/geekbrans/PyQT-sql/lesson_7/practice/server.py']
2022-05-25 13:44:20,315 DEBUG server.py Аргументы успешно загружены.
2022-05-25 13:44:20,315 DEBUG server.py Аргументы успешно загружены.
2022-05-25 13:44:20,339 INFO core.py Запущен сервер, порт для подключений: 7777 , адрес с которого принимаются подключения: . Если адрес не указан, принимаются соединения с любых адресов.
2022-05-25 13:44:20,339 INFO core.py Запущен сервер, порт для подключений: 7777 , адрес с которого принимаются подключения: . Если адрес не указан, принимаются соединения с любых адресов.
2022-05-25 13:44:24,891 DEBUG decos.py Была вызвана функция arg_parser c параметрами () , {}. Вызов из модуля __main__
